There was an error managing chromedriver (error sending request for url (https://googlechromelabs.github.io/chrome-for-testing/known-good-versions-with-downloads.json)); using driver found in the cache
Error sending stats to Plausible: error sending request for url (https://plausible.io/api/event)
There was an error managing chromedriver (error sending request for url (https://googlechromelabs.github.io/chrome-for-testing/known-good-versions-with-downloads.json)); using driver found in the cache
Error sending stats to Plausible: error sending request for url (https://plausible.io/api/event)
There was an error managing chromedriver (error sending request for url (https://googlechromelabs.github.io/chrome-for-testing/known-good-versions-with-downloads.json)); using driver found in the cache
Error sending stats to Plausible: error sending request for url (https://plausible.io/api/event)
There was an error managing chromedriver (error sending request for url (https://googlechromelabs.github.io/chrome-for-testing/known-good-versions-with-downloads.json)); using driver found in the cache
There was an error managing chromedriver (error sending request for url (https://googlechromelabs.github.io/chrome-for-testing/known-good-versions-with-downloads.json)); using driver found in the cache
There was an error managing chromedriver (error sending request for url (https://googlechromelabs.github.io/chrome-for-testing/known-good-versions-with-downloads.json)); using driver found in the cache
There was an error managing chromedriver (error sending request for url (https://googlechromelabs.github.io/chrome-for-testing/known-good-versions-with-downloads.json)); using driver found in the cache
There was an error managing chromedriver (error sending request for url (https://googlechromelabs.github.io/chrome-for-testing/known-good-versions-with-downloads.json)); using driver found in the cache
There was an error managing chromedriver (error sending request for url (https://googlechromelabs.github.io/chrome-for-testing/known-good-versions-with-downloads.json)); using driver found in the cache
There was an error managing chromedriver (error sending request for url (https://googlechromelabs.github.io/chrome-for-testing/known-good-versions-with-downloads.json)); using driver found in the cache
There was an error managing chromedriver (error sending request for url (https://googlechromelabs.github.io/chrome-for-testing/known-good-versions-with-downloads.json)); using driver found in the cache
There was an error managing chromedriver (error sending request for url (https://googlechromelabs.github.io/chrome-for-testing/known-good-versions-with-downloads.json)); using driver found in the cache
There was an error managing chromedriver (error sending request for url (https://googlechromelabs.github.io/chrome-for-testing/known-good-versions-with-downloads.json)); using driver found in the cache
There was an error managing chromedriver (error sending request for url (https://googlechromelabs.github.io/chrome-for-testing/known-good-versions-with-downloads.json)); using driver found in the cache
There was an error managing chromedriver (error sending request for url (https://googlechromelabs.github.io/chrome-for-testing/known-good-versions-with-downloads.json)); using driver found in the cache
There was an error managing chromedriver (error sending request for url (https://googlechromelabs.github.io/chrome-for-testing/known-good-versions-with-downloads.json)); using driver found in the cache
There was an error managing chromedriver (error sending request for url (https://googlechromelabs.github.io/chrome-for-testing/known-good-versions-with-downloads.json)); using driver found in the cache
There was an error managing chromedriver (error sending request for url (https://googlechromelabs.github.io/chrome-for-testing/known-good-versions-with-downloads.json)); using driver found in the cache
There was an error managing chromedriver (error sending request for url (https://googlechromelabs.github.io/chrome-for-testing/known-good-versions-with-downloads.json)); using driver found in the cache
There was an error managing chromedriver (error sending request for url (https://googlechromelabs.github.io/chrome-for-testing/known-good-versions-with-downloads.json)); using driver found in the cache
There was an error managing chromedriver (error sending request for url (https://googlechromelabs.github.io/chrome-for-testing/known-good-versions-with-downloads.json)); using driver found in the cache
There was an error managing chromedriver (error sending request for url (https://googlechromelabs.github.io/chrome-for-testing/known-good-versions-with-downloads.json)); using driver found in the cache
There was an error managing chromedriver (error sending request for url (https://googlechromelabs.github.io/chrome-for-testing/known-good-versions-with-downloads.json)); using driver found in the cache
There was an error managing chromedriver (error sending request for url (https://googlechromelabs.github.io/chrome-for-testing/known-good-versions-with-downloads.json)); using driver found in the cache
There was an error managing chromedriver (error sending request for url (https://googlechromelabs.github.io/chrome-for-testing/known-good-versions-with-downloads.json)); using driver found in the cache
There was an error managing chromedriver (error sending request for url (https://googlechromelabs.github.io/chrome-for-testing/known-good-versions-with-downloads.json)); using driver found in the cache
There was an error managing chromedriver (error sending request for url (https://googlechromelabs.github.io/chrome-for-testing/known-good-versions-with-downloads.json)); using driver found in the cache
There was an error managing chromedriver (error sending request for url (https://googlechromelabs.github.io/chrome-for-testing/known-good-versions-with-downloads.json)); using driver found in the cache
There was an error managing chromedriver (error sending request for url (https://googlechromelabs.github.io/chrome-for-testing/known-good-versions-with-downloads.json)); using driver found in the cache
There was an error managing chromedriver (error sending request for url (https://googlechromelabs.github.io/chrome-for-testing/known-good-versions-with-downloads.json)); using driver found in the cache
There was an error managing chromedriver (error sending request for url (https://googlechromelabs.github.io/chrome-for-testing/known-good-versions-with-downloads.json)); using driver found in the cache
There was an error managing chromedriver (error sending request for url (https://googlechromelabs.github.io/chrome-for-testing/known-good-versions-with-downloads.json)); using driver found in the cache
There was an error managing chromedriver (error sending request for url (https://googlechromelabs.github.io/chrome-for-testing/known-good-versions-with-downloads.json)); using driver found in the cache
There was an error managing chromedriver (error sending request for url (https://googlechromelabs.github.io/chrome-for-testing/known-good-versions-with-downloads.json)); using driver found in the cache
There was an error managing chromedriver (error sending request for url (https://googlechromelabs.github.io/chrome-for-testing/known-good-versions-with-downloads.json)); using driver found in the cache
There was an error managing chromedriver (error sending request for url (https://googlechromelabs.github.io/chrome-for-testing/known-good-versions-with-downloads.json)); using driver found in the cache
There was an error managing chromedriver (error sending request for url (https://googlechromelabs.github.io/chrome-for-testing/known-good-versions-with-downloads.json)); using driver found in the cache
There was an error managing chromedriver (error sending request for url (https://googlechromelabs.github.io/chrome-for-testing/known-good-versions-with-downloads.json)); using driver found in the cache
There was an error managing chromedriver (error sending request for url (https://googlechromelabs.github.io/chrome-for-testing/known-good-versions-with-downloads.json)); using driver found in the cache
There was an error managing chromedriver (error sending request for url (https://googlechromelabs.github.io/chrome-for-testing/known-good-versions-with-downloads.json)); using driver found in the cache
There was an error managing chromedriver (error sending request for url (https://googlechromelabs.github.io/chrome-for-testing/known-good-versions-with-downloads.json)); using driver found in the cache
There was an error managing chromedriver (error sending request for url (https://googlechromelabs.github.io/chrome-for-testing/known-good-versions-with-downloads.json)); using driver found in the cache
There was an error managing chromedriver (error sending request for url (https://googlechromelabs.github.io/chrome-for-testing/known-good-versions-with-downloads.json)); using driver found in the cache
There was an error managing chromedriver (error sending request for url (https://googlechromelabs.github.io/chrome-for-testing/known-good-versions-with-downloads.json)); using driver found in the cache
There was an error managing chromedriver (error sending request for url (https://googlechromelabs.github.io/chrome-for-testing/known-good-versions-with-downloads.json)); using driver found in the cache
There was an error managing chromedriver (error sending request for url (https://googlechromelabs.github.io/chrome-for-testing/known-good-versions-with-downloads.json)); using driver found in the cache
There was an error managing chromedriver (error sending request for url (https://googlechromelabs.github.io/chrome-for-testing/known-good-versions-with-downloads.json)); using driver found in the cache
There was an error managing chromedriver (error sending request for url (https://googlechromelabs.github.io/chrome-for-testing/known-good-versions-with-downloads.json)); using driver found in the cache
There was an error managing chromedriver (error sending request for url (https://googlechromelabs.github.io/chrome-for-testing/known-good-versions-with-downloads.json)); using driver found in the cache
There was an error managing chromedriver (error sending request for url (https://googlechromelabs.github.io/chrome-for-testing/known-good-versions-with-downloads.json)); using driver found in the cache
There was an error managing chromedriver (error sending request for url (https://googlechromelabs.github.io/chrome-for-testing/known-good-versions-with-downloads.json)); using driver found in the cache
There was an error managing chromedriver (error sending request for url (https://googlechromelabs.github.io/chrome-for-testing/known-good-versions-with-downloads.json)); using driver found in the cache
There was an error managing chromedriver (error sending request for url (https://googlechromelabs.github.io/chrome-for-testing/known-good-versions-with-downloads.json)); using driver found in the cache
There was an error managing chromedriver (error sending request for url (https://googlechromelabs.github.io/chrome-for-testing/known-good-versions-with-downloads.json)); using driver found in the cache
There was an error managing chromedriver (error sending request for url (https://googlechromelabs.github.io/chrome-for-testing/known-good-versions-with-downloads.json)); using driver found in the cache
There was an error managing chromedriver (error sending request for url (https://googlechromelabs.github.io/chrome-for-testing/known-good-versions-with-downloads.json)); using driver found in the cache
There was an error managing chromedriver (error sending request for url (https://googlechromelabs.github.io/chrome-for-testing/known-good-versions-with-downloads.json)); using driver found in the cache
There was an error managing chromedriver (error sending request for url (https://googlechromelabs.github.io/chrome-for-testing/known-good-versions-with-downloads.json)); using driver found in the cache
There was an error managing chromedriver (error sending request for url (https://googlechromelabs.github.io/chrome-for-testing/known-good-versions-with-downloads.json)); using driver found in the cache
There was an error managing chromedriver (error sending request for url (https://googlechromelabs.github.io/chrome-for-testing/known-good-versions-with-downloads.json)); using driver found in the cache
There was an error managing chromedriver (error sending request for url (https://googlechromelabs.github.io/chrome-for-testing/known-good-versions-with-downloads.json)); using driver found in the cache
There was an error managing chromedriver (error sending request for url (https://googlechromelabs.github.io/chrome-for-testing/known-good-versions-with-downloads.json)); using driver found in the cache
There was an error managing chromedriver (error sending request for url (https://googlechromelabs.github.io/chrome-for-testing/known-good-versions-with-downloads.json)); using driver found in the cache
There was an error managing chromedriver (error sending request for url (https://googlechromelabs.github.io/chrome-for-testing/known-good-versions-with-downloads.json)); using driver found in the cache
There was an error managing chromedriver (error sending request for url (https://googlechromelabs.github.io/chrome-for-testing/known-good-versions-with-downloads.json)); using driver found in the cache
There was an error managing chromedriver (error sending request for url (https://googlechromelabs.github.io/chrome-for-testing/known-good-versions-with-downloads.json)); using driver found in the cache
There was an error managing chromedriver (error sending request for url (https://googlechromelabs.github.io/chrome-for-testing/known-good-versions-with-downloads.json)); using driver found in the cache
There was an error managing chromedriver (error sending request for url (https://googlechromelabs.github.io/chrome-for-testing/known-good-versions-with-downloads.json)); using driver found in the cache
There was an error managing chromedriver (error sending request for url (https://googlechromelabs.github.io/chrome-for-testing/known-good-versions-with-downloads.json)); using driver found in the cache
There was an error managing chromedriver (error sending request for url (https://googlechromelabs.github.io/chrome-for-testing/known-good-versions-with-downloads.json)); using driver found in the cache
There was an error managing chromedriver (error sending request for url (https://googlechromelabs.github.io/chrome-for-testing/known-good-versions-with-downloads.json)); using driver found in the cache
There was an error managing chromedriver (error sending request for url (https://googlechromelabs.github.io/chrome-for-testing/known-good-versions-with-downloads.json)); using driver found in the cache
There was an error managing chromedriver (error sending request for url (https://googlechromelabs.github.io/chrome-for-testing/known-good-versions-with-downloads.json)); using driver found in the cache
There was an error managing chromedriver (error sending request for url (https://googlechromelabs.github.io/chrome-for-testing/known-good-versions-with-downloads.json)); using driver found in the cache
There was an error managing chromedriver (error sending request for url (https://googlechromelabs.github.io/chrome-for-testing/known-good-versions-with-downloads.json)); using driver found in the cache
There was an error managing chromedriver (error sending request for url (https://googlechromelabs.github.io/chrome-for-testing/known-good-versions-with-downloads.json)); using driver found in the cache
There was an error managing chromedriver (error sending request for url (https://googlechromelabs.github.io/chrome-for-testing/known-good-versions-with-downloads.json)); using driver found in the cache
There was an error managing chromedriver (error sending request for url (https://googlechromelabs.github.io/chrome-for-testing/known-good-versions-with-downloads.json)); using driver found in the cache
There was an error managing chromedriver (error sending request for url (https://googlechromelabs.github.io/chrome-for-testing/known-good-versions-with-downloads.json)); using driver found in the cache
There was an error managing chromedriver (error sending request for url (https://googlechromelabs.github.io/chrome-for-testing/known-good-versions-with-downloads.json)); using driver found in the cache
There was an error managing chromedriver (error sending request for url (https://googlechromelabs.github.io/chrome-for-testing/known-good-versions-with-downloads.json)); using driver found in the cache
There was an error managing chromedriver (error sending request for url (https://googlechromelabs.github.io/chrome-for-testing/known-good-versions-with-downloads.json)); using driver found in the cache
There was an error managing chromedriver (error sending request for url (https://googlechromelabs.github.io/chrome-for-testing/known-good-versions-with-downloads.json)); using driver found in the cache
There was an error managing chromedriver (error sending request for url (https://googlechromelabs.github.io/chrome-for-testing/known-good-versions-with-downloads.json)); using driver found in the cache
Error sending stats to Plausible: error sending request for url (https://plausible.io/api/event)
There was an error managing chromedriver (error sending request for url (https://googlechromelabs.github.io/chrome-for-testing/known-good-versions-with-downloads.json)); using driver found in the cache
There was an error managing chromedriver (error sending request for url (https://googlechromelabs.github.io/chrome-for-testing/known-good-versions-with-downloads.json)); using driver found in the cache
Error sending stats to Plausible: error sending request for url (https://plausible.io/api/event)
Error sending stats to Plausible: error sending request for url (https://plausible.io/api/event)
Retrying (Retry(total=2, connect=None, read=None, redirect=None, status=None)) after connection broken by 'RemoteDisconnected('Remote end closed connection without response')': /session/d173a8ac125aea7b3da173f1e5aa7db9
Retrying (Retry(total=1, connect=None, read=None, redirect=None, status=None)) after connection broken by 'NewConnectionError('<urllib3.connection.HTTPConnection object at 0x05343280>: Failed to establish a new connection: [WinError 10061] 由于目标计算机积极拒绝，无法连接。')': /session/d173a8ac125aea7b3da173f1e5aa7db9
Retrying (Retry(total=0, connect=None, read=None, redirect=None, status=None)) after connection broken by 'NewConnectionError('<urllib3.connection.HTTPConnection object at 0x05A38628>: Failed to establish a new connection: [WinError 10061] 由于目标计算机积极拒绝，无法连接。')': /session/d173a8ac125aea7b3da173f1e5aa7db9
There was an error managing chromedriver (error sending request for url (https://googlechromelabs.github.io/chrome-for-testing/known-good-versions-with-downloads.json)); using driver found in the cache
Name: CCTV17, URL: http://43.132.64.50/outlivecloud-cdn.ysp.cctv.cn/ysp/2024079503.m3u8, Date: None, Resolution: None, Response Time: inf ms
Name: 四川科教, URL: http://182.150.115.21:8030/pcgacg/pcgacg_0.m3u8, Date: None, Resolution: None, Response Time: inf ms
Name: 江津新闻综合, URL: http://222.179.155.21:1935/ch1.m3u8, Date: None, Resolution: None, Response Time: 12348 ms
Name: 万州综合, URL: http://123.146.162.24:8013/tslslive/L4cvRM0/hls/live_sd.m3u8, Date: None, Resolution: None, Response Time: 12369 ms
Name: 四川文化旅游, URL: http://118.122.2.29:9999/hls/52/index.m3u8, Date: None, Resolution: None, Response Time: 12358 ms
Name: 四川乡村, URL: http://58.215.231.35/live3.ngaacdn.sc96655.com/live/SCTV-kjSCTV-9-_4000.m3u8, Date: None, Resolution: None, Response Time: inf ms
Name: 成都新闻综合, URL: http://58.215.231.35/live3.ngaacdn.sc96655.com/live/CDTV-1_4000.m3u8, Date: None, Resolution: None, Response Time: inf ms
Name: CCTV11, URL: http://58.223.166.16/live2.rxip.sc96655.com/live/CCTV-11-H265_4000.m3u8, Date: None, Resolution: None, Response Time: inf ms
Name: CCTV6, URL: http://59.44.102.18:8888/newlive/live/hls/8/live.m3u8, Date: None, Resolution: None, Response Time: 12429 ms
Name: CCTV5, URL: http://223.241.247.214:9901/tsfile/live/0005_1.m3u8, Date: None, Resolution: None, Response Time: 12438 ms
Name: CCTV12, URL: http://59.44.102.18:8888/newlive/live/hls/14/live.m3u8, Date: None, Resolution: None, Response Time: 12429 ms
Name: CCTV16, URL: http://59.44.102.18:8888/newlive/live/hls/18/live.m3u8, Date: None, Resolution: None, Response Time: 12433 ms
Name: 翡翠台, URL: http://113.83.152.56:8182/bynumber/1, Date: None, Resolution: None, Response Time: 175 ms
Name: CCTV10, URL: http://116.162.6.192/61.v.smtcdns.net/zycfcdn.gdwlcloud.com/PLTV/88888888/224/3221225606/index.m3u8, Date: None, Resolution: None, Response Time: 12682 ms
Name: CCTV14, URL: http://116.162.6.192/61.v.smtcdns.net/zycfcdn.gdwlcloud.com/PLTV/88888888/224/3221225513/index.m3u8, Date: None, Resolution: None, Response Time: 12825 ms
Name: TVBS欢乐, URL: http://37.27.111.214:8080/live/24/hls.m3u8, Date: None, Resolution: None, Response Time: 605 ms
Name: CCTV4, URL: http://ottrrs.hl.chinamobile.com/PLTV/88888888/224/3221226428/index.m3u8, Date: None, Resolution: None, Response Time: 13877 ms
Name: CCTV7, URL: https://z02.ubtvfans.com/live/rx1/2757/a75508a147ffe80a289d9674f341441d/index.m3u8, Date: None, Resolution: None, Response Time: inf ms
Name: CCTV3, URL: https://live.v1.mk/api/bestv.php?id=cctv38m/8000000, Date: None, Resolution: None, Response Time: 14489 ms
Name: CCTV15, URL: http://vod.cctv.cn/zhuanma/cms/cut/2019/2/24/OlyL20190224093100000CH00003604/CCTV15_2m_5a1d8ebfe31045d2877d226ebdf766ac.mp4, Date: None, Resolution: None, Response Time: 14617 ms
Name: 凤凰电影, URL: http://117.114.153.25:8180/TV00000000000000000072@HHZT, Date: None, Resolution: None, Response Time: inf ms
Name: 重庆新闻, URL: http://5f11df.tv.netsite.cc/proxy/1555453135/1555453135.m3u, Date: None, Resolution: None, Response Time: inf ms
Name: CCTV8, URL: https://live.v1.mk/api/bestv.php?id=cctv8hd8m/8000000, Date: None, Resolution: None, Response Time: 15206 ms
Name: CCTV1, URL: http://124.128.73.58:9901/tsfile/live/0013_1.m3u8, Date: None, Resolution: None, Response Time: inf ms
Name: 万州科教, URL: http://iptviptv.site:9694/hls/174/index.m3u8, Date: None, Resolution: None, Response Time: inf ms
Name: CCTV13, URL: http://metatvpro.xyz:25461/W1045/4329/406, Date: None, Resolution: None, Response Time: inf ms
Name: 铜梁综合, URL: http://iptviptv.site:9694/hls/172/index.m3u8, Date: None, Resolution: None, Response Time: inf ms
Name: 大足综合, URL: http://iptviptv.site:9694/hls/188/index.m3u8, Date: None, Resolution: None, Response Time: inf ms
Name: 凤凰资讯, URL: http://metatvpro.xyz:25461/W1045/4329/62, Date: None, Resolution: None, Response Time: inf ms
Name: 凤凰中文, URL: http://117.27.190.42:9998/tsfile/live/23280_1.m3u8, Date: None, Resolution: None, Response Time: inf ms
Name: CCTV5+, URL: https://node1.olelive.com:6443/live/CCTV5PHD_360/hls.m3u8, Date: None, Resolution: None, Response Time: inf ms
Name: 重庆新农村, URL: https://tv.youshijiea.cn/uploads/itvbox/cqgd.php?id=cqggncHD, Date: None, Resolution: None, Response Time: inf ms
Name: 熊猫频道, URL: https://gcwbndks.v.kcdnvip.com/gcwbnd/ipanda1000_2/index.m3u8, Date: None, Resolution: None, Response Time: inf ms
Name: 成都都市生活, URL: https://cntv.sbs/tv/v6.php?id=CDTV-3, Date: None, Resolution: None, Response Time: inf ms
Name: 重庆汽摩, URL: http://iptviptv.site:9694/hls/169/index.m3u8, Date: None, Resolution: None, Response Time: inf ms
Name: 成都影视文艺, URL: https://cntv.sbs/tv/v6.php?id=CDTV-4, Date: None, Resolution: None, Response Time: inf ms
Name: 重庆科教, URL: https://tv.youshijiea.cn/uploads/itvbox/cqgd.php?id=CQTVkejiaoHD, Date: None, Resolution: None, Response Time: inf ms
Name: 成都公共频道, URL: https://cntv.sbs/tv/v6.php?id=CDTV-5, Date: None, Resolution: None, Response Time: inf ms
Name: 四川经济, URL: https://cntv.sbs/tv/v6.php?id=SCTV-2-H265, Date: None, Resolution: None, Response Time: inf ms
Name: 四川新闻, URL: http://v2.91kds.cn/b9/sctv.m3u8?id=sctv4&auth=rinimabi, Date: None, Resolution: None, Response Time: inf ms
Name: CCTV2, URL: http://metatvpro.xyz:25461/W1045/4329/394, Date: None, Resolution: None, Response Time: inf ms
Name: 重庆少儿, URL: https://tv.youshijiea.cn/uploads/itvbox/cqgd.php?id=cqseHD, Date: None, Resolution: None, Response Time: inf ms
Name: 重庆少儿, URL: http://iptviptv.site:9694/hls/167/index.m3u8, Date: None, Resolution: None, Response Time: inf ms
Name: 四川影视文艺, URL: https://cntv.sbs/tv/v6.php?id=SCTV-5-scysH265, Date: None, Resolution: None, Response Time: inf ms
Name: 重庆娱乐, URL: http://iptviptv.site:9694/hls/166/index.m3u8, Date: None, Resolution: None, Response Time: inf ms
Name: 四川峨嵋电影, URL: https://cntv.sbs/tv/v6.php?id=emdygqH265, Date: None, Resolution: None, Response Time: inf ms
Name: 四川妇女儿童, URL: https://cntv.sbs/tv/v6.php?id=SCTV-7-, Date: None, Resolution: None, Response Time: inf ms
Name: CCTV9, URL: http://metatvpro.xyz:25461/W1045/4329/402, Date: None, Resolution: None, Response Time: inf ms
Name: 重庆时尚, URL: https://tv.youshijiea.cn/uploads/itvbox/cqgd.php?id=cqssgwHD, Date: None, Resolution: None, Response Time: inf ms
Name: 酉阳综合, URL: http://iptviptv.site:9694/hls/187/index.m3u8, Date: None, Resolution: None, Response Time: inf ms
Name: 重庆社会, URL: http://iptviptv.site:9694/hls/164/index.m3u8, Date: None, Resolution: None, Response Time: inf ms
Name: 永川综合, URL: http://iptviptv.site:9694/hls/186/index.m3u8, Date: None, Resolution: None, Response Time: inf ms
Name: 梁平综合, URL: http://iptviptv.site:9694/hls/185/index.m3u8, Date: None, Resolution: None, Response Time: inf ms
Name: 重庆黔江, URL: http://iptviptv.site:9694/hls/161/index.m3u8, Date: None, Resolution: None, Response Time: inf ms
Name: 巫山综合, URL: http://iptviptv.site:9694/hls/181/index.m3u8, Date: None, Resolution: None, Response Time: inf ms
Name: 垫江综合, URL: http://iptviptv.site:9694/hls/180/index.m3u8, Date: None, Resolution: None, Response Time: inf ms
Name: 荣昌综合, URL: http://iptviptv.site:9694/hls/178/index.m3u8, Date: None, Resolution: None, Response Time: inf ms
Name: 武隆综合频道, URL: http://iptviptv.site:9694/hls/177/index.m3u8, Date: None, Resolution: None, Response Time: inf ms
Name: 万州三峡移民, URL: http://iptviptv.site:9694/hls/176/index.m3u8, Date: None, Resolution: None, Response Time: inf ms
Name: 万州影视, URL: http://wanzhoulive.cbg.cn:8017/d4ceB1a/1000/live.m3u8, Date: None, Resolution: None, Response Time: inf ms
Name: 明珠台, URL: http://nz171l122.bb60246.ctm.net:8892/bysid/2.m3u8, Date: None, Resolution: None, Response Time: 5775 ms
Name: 凤凰香港, URL: http://cdn9.1678520.xyz/xsj2.1.php?id=phtv-hk, Date: None, Resolution: None, Response Time: inf ms
Name: TVBS亚洲, URL: http://d2e1asnsl7br7b.cloudfront.net/7782e205e72f43aeb4a48ec97f66ebbe/index_5.m3u8?zshijd, Date: None, Resolution: None, Response Time: inf ms
Name: 星河台, URL: http://cdn.1678520.xyz/tvbts/tvbts2.1.php?id=null-25, Date: None, Resolution: None, Response Time: inf ms
Name: 无线新闻, URL: https://mytv.btjson.us.kg/stream/tvb/null-22/master.m3u8?u=btjson&p=213f2541f159ac2ec56f4173f3731fdd6ac1ea725a0c7892870cf85ea22cb3cc, Date: None, Resolution: None, Response Time: inf ms
Name: 香港卫视, URL: http://zhibo.hkstv.tv/livestream/mutfysrq/playlist.m3u8, Date: None, Resolution: None, Response Time: inf ms
Name: 无线娱乐频道, URL: http://v2h.jdshipin.com/enew/enew.stream/chunklist.m3u8, Date: None, Resolution: None, Response Time: inf ms
Name: 无线星河频道, URL: http://113.64.145.55:8081/hls/135/index.m3u8, Date: None, Resolution: None, Response Time: inf ms
Name: 星空卫视, URL: http://171.108.239.77:8181/tsfile/live/1012_1.m3u8, Date: None, Resolution: None, Response Time: inf ms
